<?xml version="1.0" encoding="UTF-8"?>
<testsuite name="com.example.project.TestUtility" tests="1" skipped="0" failures="0" errors="0" timestamp="2025-02-12T13:43:06" hostname="codespaces-8159a1" time="0.089">
  <properties/>
  <testcase name="testSort()" classname="com.example.project.TestUtility" time="0.089"/>
  <system-out><![CDATA[j for loop
Abby Smith: 96.7 first if
j for loop
Abby Smith: 96.7 first if
j for loop
Abby Smith: 96.7 first if
j for loop
Abby Smith: 96.7 first if
j for loop
Abby Smith: 96.7 first if
j for loop
Abby Smith: 96.7 first if
j for loop
Abby Smith: 96.7 first if
j for loop
Abby Smith: 96.7 first if
j for loop
Abby Smith: 96.7 first if
j for loop
Michelle Jones: 98.1 first if
j for loop
Michelle Jones: 98.1 first if
j for loop
Michelle Jones: 98.1 second if
j for loop
Michelle Jones: 98.1 first if
j for loop
Michelle Jones: 98.1 first if
j for loop
Michelle Jones: 98.1 first if
j for loop
Michelle Jones: 98.1 first if
j for loop
Michelle Jones: 98.1 second if
j for loop
j for loop
j for loop
Brittany Jones: 95.5 first if
j for loop
Brittany Jones: 95.5 first if
j for loop
Brittany Jones: 95.5 first if
j for loop
Brittany Jones: 95.5 first if
j for loop
Brittany Jones: 95.5 second if
j for loop
j for loop
j for loop
Lisa Frank: 92.4 first if
j for loop
Lisa Frank: 92.4 second if
j for loop
Peter Frank: 97.9 second if
j for loop
j for loop
j for loop
Jack Clancy: 97.3 first if
j for loop
j for loop
Lisa Frank: 92.4 second if
Lisa Frank: 92.4 third if
j for loop
Lisa Frank: 92.4 second if
j for loop
Chase Bean: 95.2 first if
j for loop
j for loop
j for loop
Lisa Frank: 99.5 second if
Lisa Frank: 99.5 third if
j for loop
j for loop
j for loop
j for loop
j for loop
j for loop
]]></system-out>
  <system-err><![CDATA[]]></system-err>
</testsuite>
